This file contains any messages produced by compilers while
running configure, to aid debugging if configure makes a mistake.

It was created by owncloud_mount configure 0.1, which was
generated by GNU Autoconf 2.68.  Invocation command line was

  $ /home/ms/Programy/vala/owncloud_mount/configure --enable-maintainer-mode --no-create --no-recursion

## --------- ##
## Platform. ##
## --------- ##

hostname = ms-laptop
uname -m = i686
uname -r = 3.2.0-31-generic-pae
uname -s = Linux
uname -v = #50-Ubuntu SMP Fri Sep 7 16:39:45 UTC 2012

/usr/bin/uname -p = unknown
/bin/uname -X     = unknown

/bin/arch              = unknown
/usr/bin/arch -k       = unknown
/usr/convex/getsysinfo = unknown
/usr/bin/hostinfo      = unknown
/bin/machine           = unknown
/usr/bin/oslevel       = unknown
/bin/universe          = unknown

PATH: /usr/lib/lightdm/lightdm
PATH: /usr/local/sbin
PATH: /usr/local/bin
PATH: /usr/sbin
PATH: /usr/bin
PATH: /sbin
PATH: /bin
PATH: /usr/games


## ----------- ##
## Core tests. ##
## ----------- ##

configure:2227: checking for a BSD-compatible install
configure:2295: result: /usr/bin/install -c
configure:2306: checking whether build environment is sane
configure:2356: result: yes
configure:2497: checking for a thread-safe mkdir -p
configure:2536: result: /bin/mkdir -p
configure:2549: checking for gawk
configure:2579: result: no
configure:2549: checking for mawk
configure:2565: found /usr/bin/mawk
configure:2576: result: mawk
configure:2587: checking whether make sets $(MAKE)
configure:2609: result: yes
configure:2701: checking whether make supports nested variables
configure:2718: result: yes
configure:2778: checking for gcc
configure:2794: found /usr/bin/gcc
configure:2805: result: gcc
configure:3034: checking for C compiler version
configure:3043: gcc --version >&5
gcc (Ubuntu/Linaro 4.6.3-1ubuntu5) 4.6.3
Copyright (C) 2011 Free Software Foundation, Inc.
This is free software; see the source for copying conditions.  There is NO
warranty; not even for MERCHANTABILITY or FITNESS FOR A PARTICULAR PURPOSE.

configure:3054: $? = 0
configure:3043: gcc -v >&5
Using built-in specs.
COLLECT_GCC=gcc
COLLECT_LTO_WRAPPER=/usr/lib/gcc/i686-linux-gnu/4.6/lto-wrapper
Target: i686-linux-gnu
Configured with: ../src/configure -v --with-pkgversion='Ubuntu/Linaro 4.6.3-1ubuntu5' --with-bugurl=file:///usr/share/doc/gcc-4.6/README.Bugs --enable-languages=c,c++,fortran,objc,obj-c++ --prefix=/usr --program-suffix=-4.6 --enable-shared --enable-linker-build-id --with-system-zlib --libexecdir=/usr/lib --without-included-gettext --enable-threads=posix --with-gxx-include-dir=/usr/include/c++/4.6 --libdir=/usr/lib --enable-nls --with-sysroot=/ --enable-clocale=gnu --enable-libstdcxx-debug --enable-libstdcxx-time=yes --enable-gnu-unique-object --enable-plugin --enable-objc-gc --enable-targets=all --disable-werror --with-arch-32=i686 --with-tune=generic --enable-checking=release --build=i686-linux-gnu --host=i686-linux-gnu --target=i686-linux-gnu
Thread model: posix
gcc version 4.6.3 (Ubuntu/Linaro 4.6.3-1ubuntu5) 
configure:3054: $? = 0
configure:3043: gcc -V >&5
gcc: error: unrecognized option '-V'
gcc: fatal error: no input files
compilation terminated.
configure:3054: $? = 4
configure:3043: gcc -qversion >&5
gcc: error: unrecognized option '-qversion'
gcc: fatal error: no input files
compilation terminated.
configure:3054: $? = 4
configure:3074: checking whether the C compiler works
configure:3096: gcc    conftest.c  >&5
configure:3100: $? = 0
configure:3148: result: yes
configure:3151: checking for C compiler default output file name
configure:3153: result: a.out
configure:3159: checking for suffix of executables
configure:3166: gcc -o conftest    conftest.c  >&5
configure:3170: $? = 0
configure:3192: result: 
configure:3214: checking whether we are cross compiling
configure:3222: gcc -o conftest    conftest.c  >&5
configure:3226: $? = 0
configure:3233: ./conftest
configure:3237: $? = 0
configure:3252: result: no
configure:3257: checking for suffix of object files
configure:3279: gcc -c   conftest.c >&5
configure:3283: $? = 0
configure:3304: result: o
configure:3308: checking whether we are using the GNU C compiler
configure:3327: gcc -c   conftest.c >&5
configure:3327: $? = 0
configure:3336: result: yes
configure:3345: checking whether gcc accepts -g
configure:3365: gcc -c -g  conftest.c >&5
configure:3365: $? = 0
configure:3406: result: yes
configure:3423: checking for gcc option to accept ISO C89
configure:3487: gcc  -c -g -O2  conftest.c >&5
configure:3487: $? = 0
configure:3500: result: none needed
configure:3531: checking for style of include used by make
configure:3559: result: GNU
configure:3585: checking dependency style of gcc
configure:3696: result: gcc3
configure:3742: checking build system type
configure:3756: result: i686-pc-linux-gnu
configure:3776: checking host system type
configure:3789: result: i686-pc-linux-gnu
configure:3830: checking how to print strings
configure:3857: result: printf
configure:3878: checking for a sed that does not truncate output
configure:3942: result: /bin/sed
configure:3960: checking for grep that handles long lines and -e
configure:4018: result: /bin/grep
configure:4023: checking for egrep
configure:4085: result: /bin/grep -E
configure:4090: checking for fgrep
configure:4152: result: /bin/grep -F
configure:4187: checking for ld used by gcc
configure:4254: result: /usr/bin/ld
configure:4261: checking if the linker (/usr/bin/ld) is GNU ld
configure:4276: result: yes
configure:4288: checking for BSD- or MS-compatible name lister (nm)
configure:4337: result: /usr/bin/nm -B
configure:4467: checking the name lister (/usr/bin/nm -B) interface
configure:4474: gcc -c -g -O2  conftest.c >&5
configure:4477: /usr/bin/nm -B "conftest.o"
configure:4480: output
00000000 B some_variable
configure:4487: result: BSD nm
configure:4490: checking whether ln -s works
configure:4494: result: yes
configure:4502: checking the maximum length of command line arguments
configure:4632: result: 805306365
configure:4649: checking whether the shell understands some XSI constructs
configure:4659: result: yes
configure:4663: checking whether the shell understands "+="
configure:4669: result: yes
configure:4704: checking how to convert i686-pc-linux-gnu file names to i686-pc-linux-gnu format
configure:4744: result: func_convert_file_noop
configure:4751: checking how to convert i686-pc-linux-gnu file names to toolchain format
configure:4771: result: func_convert_file_noop
configure:4778: checking for /usr/bin/ld option to reload object files
configure:4785: result: -r
configure:4859: checking for objdump
configure:4875: found /usr/bin/objdump
configure:4886: result: objdump
configure:4918: checking how to recognize dependent libraries
configure:5120: result: pass_all
configure:5205: checking for dlltool
configure:5235: result: no
configure:5265: checking how to associate runtime and link libraries
configure:5292: result: printf %s\n
configure:5353: checking for ar
configure:5369: found /usr/bin/ar
configure:5380: result: ar
configure:5417: checking for archiver @FILE support
configure:5434: gcc -c -g -O2  conftest.c >&5
configure:5434: $? = 0
configure:5437: ar cru libconftest.a @conftest.lst >&5
configure:5440: $? = 0
configure:5445: ar cru libconftest.a @conftest.lst >&5
ar: conftest.o: No such file or directory
configure:5448: $? = 1
configure:5460: result: @
configure:5518: checking for strip
configure:5534: found /usr/bin/strip
configure:5545: result: strip
configure:5617: checking for ranlib
configure:5633: found /usr/bin/ranlib
configure:5644: result: ranlib
configure:5746: checking command to parse /usr/bin/nm -B output from gcc object
configure:5866: gcc -c -g -O2  conftest.c >&5
configure:5869: $? = 0
configure:5873: /usr/bin/nm -B conftest.o \| sed -n -e 's/^.*[ ]\([ABCDGIRSTW][ABCDGIRSTW]*\)[ ][ ]*\([_A-Za-z][_A-Za-z0-9]*\)$/\1 \2 \2/p' | sed '/ __gnu_lto/d' \> conftest.nm
configure:5876: $? = 0
configure:5942: gcc -o conftest -g -O2   conftest.c conftstm.o >&5
configure:5945: $? = 0
configure:5983: result: ok
configure:6020: checking for sysroot
configure:6050: result: no
configure:6306: checking for mt
configure:6322: found /bin/mt
configure:6333: result: mt
configure:6356: checking if mt is a manifest tool
configure:6362: mt '-?'
configure:6370: result: no
configure:7012: checking how to run the C preprocessor
configure:7043: gcc -E  conftest.c
configure:7043: $? = 0
configure:7057: gcc -E  conftest.c
conftest.c:11:28: fatal error: ac_nonexistent.h: No such file or directory
compilation terminated.
configure:7057: $? = 1
configure: failed program was:
| /* confdefs.h */
| #define PACKAGE_NAME "owncloud_mount"
| #define PACKAGE_TARNAME "owncloud_mount"
| #define PACKAGE_VERSION "0.1"
| #define PACKAGE_STRING "owncloud_mount 0.1"
| #define PACKAGE_BUGREPORT ""
| #define PACKAGE_URL ""
| #define PACKAGE "owncloud_mount"
| #define VERSION "0.1"
| /* end confdefs.h.  */
| #include <ac_nonexistent.h>
configure:7082: result: gcc -E
configure:7102: gcc -E  conftest.c
configure:7102: $? = 0
configure:7116: gcc -E  conftest.c
conftest.c:11:28: fatal error: ac_nonexistent.h: No such file or directory
compilation terminated.
configure:7116: $? = 1
configure: failed program was:
| /* confdefs.h */
| #define PACKAGE_NAME "owncloud_mount"
| #define PACKAGE_TARNAME "owncloud_mount"
| #define PACKAGE_VERSION "0.1"
| #define PACKAGE_STRING "owncloud_mount 0.1"
| #define PACKAGE_BUGREPORT ""
| #define PACKAGE_URL ""
| #define PACKAGE "owncloud_mount"
| #define VERSION "0.1"
| /* end confdefs.h.  */
| #include <ac_nonexistent.h>
configure:7145: checking for ANSI C header files
configure:7165: gcc -c -g -O2  conftest.c >&5
configure:7165: $? = 0
configure:7238: gcc -o conftest -g -O2   conftest.c  >&5
configure:7238: $? = 0
configure:7238: ./conftest
configure:7238: $? = 0
configure:7249: result: yes
configure:7262: checking for sys/types.h
configure:7262: gcc -c -g -O2  conftest.c >&5
configure:7262: $? = 0
configure:7262: result: yes
configure:7262: checking for sys/stat.h
configure:7262: gcc -c -g -O2  conftest.c >&5
configure:7262: $? = 0
configure:7262: result: yes
configure:7262: checking for stdlib.h
configure:7262: gcc -c -g -O2  conftest.c >&5
configure:7262: $? = 0
configure:7262: result: yes
configure:7262: checking for string.h
configure:7262: gcc -c -g -O2  conftest.c >&5
configure:7262: $? = 0
configure:7262: result: yes
configure:7262: checking for memory.h
configure:7262: gcc -c -g -O2  conftest.c >&5
configure:7262: $? = 0
configure:7262: result: yes
configure:7262: checking for strings.h
configure:7262: gcc -c -g -O2  conftest.c >&5
configure:7262: $? = 0
configure:7262: result: yes
configure:7262: checking for inttypes.h
configure:7262: gcc -c -g -O2  conftest.c >&5
configure:7262: $? = 0
configure:7262: result: yes
configure:7262: checking for stdint.h
configure:7262: gcc -c -g -O2  conftest.c >&5
configure:7262: $? = 0
configure:7262: result: yes
configure:7262: checking for unistd.h
configure:7262: gcc -c -g -O2  conftest.c >&5
configure:7262: $? = 0
configure:7262: result: yes
configure:7276: checking for dlfcn.h
configure:7276: gcc -c -g -O2  conftest.c >&5
configure:7276: $? = 0
configure:7276: result: yes
configure:7482: checking for objdir
configure:7497: result: .libs
configure:7764: checking if gcc supports -fno-rtti -fno-exceptions
configure:7782: gcc -c -g -O2  -fno-rtti -fno-exceptions conftest.c >&5
cc1: warning: command line option '-fno-rtti' is valid for C++/ObjC++ but not for C [enabled by default]
configure:7786: $? = 0
configure:7799: result: no
configure:8126: checking for gcc option to produce PIC
configure:8133: result: -fPIC -DPIC
configure:8141: checking if gcc PIC flag -fPIC -DPIC works
configure:8159: gcc -c -g -O2  -fPIC -DPIC -DPIC conftest.c >&5
configure:8163: $? = 0
configure:8176: result: yes
configure:8205: checking if gcc static flag -static works
configure:8233: result: yes
configure:8248: checking if gcc supports -c -o file.o
configure:8269: gcc -c -g -O2  -o out/conftest2.o conftest.c >&5
configure:8273: $? = 0
configure:8295: result: yes
configure:8303: checking if gcc supports -c -o file.o
configure:8350: result: yes
configure:8383: checking whether the gcc linker (/usr/bin/ld) supports shared libraries
configure:9540: result: yes
configure:9577: checking whether -lc should be explicitly linked in
configure:9585: gcc -c -g -O2  conftest.c >&5
configure:9588: $? = 0
configure:9603: gcc -shared  -fPIC -DPIC conftest.o  -v -Wl,-soname -Wl,conftest -o conftest 2\>\&1 \| /bin/grep  -lc  \>/dev/null 2\>\&1
configure:9606: $? = 0
configure:9620: result: no
configure:9780: checking dynamic linker characteristics
configure:10291: gcc -o conftest -g -O2   -Wl,-rpath -Wl,/foo conftest.c  >&5
configure:10291: $? = 0
configure:10525: result: GNU/Linux ld.so
configure:10632: checking how to hardcode library paths into programs
configure:10657: result: immediate
configure:11197: checking whether stripping libraries is possible
configure:11202: result: yes
configure:11237: checking if libtool supports shared libraries
configure:11239: result: yes
configure:11242: checking whether to build shared libraries
configure:11263: result: yes
configure:11266: checking whether to build static libraries
configure:11270: result: yes
configure:11311: checking for valac
configure:11329: found /usr/bin/valac
configure:11341: result: /usr/bin/valac
configure:11354: checking /usr/bin/valac is at least version 0.10.0
configure:11362: result: yes
configure:11433: checking for pkg-config
configure:11451: found /usr/bin/pkg-config
configure:11463: result: /usr/bin/pkg-config
configure:11488: checking pkg-config is at least version 0.9.0
configure:11491: result: yes
configure:11501: checking for LIBVALA
configure:11508: $PKG_CONFIG --exists --print-errors "libvala-0.18"
configure:11511: $? = 0
configure:11525: $PKG_CONFIG --exists --print-errors "libvala-0.18"
configure:11528: $? = 0
configure:11586: result: yes
configure:11593: checking for OWNCLOUD_MOUNT
configure:11601: $PKG_CONFIG --exists --print-errors "libnotify
gtk+-3.0 "
configure:11605: $? = 0
configure:11621: $PKG_CONFIG --exists --print-errors "libnotify
gtk+-3.0 "
configure:11625: $? = 0
configure:11687: result: yes
configure:11825: creating ./config.status
configure:14060: WARNING: unrecognized options: --enable-maintainer-mode

## ---------------- ##
## Cache variables. ##
## ---------------- ##

ac_cv_build=i686-pc-linux-gnu
ac_cv_c_compiler_gnu=yes
ac_cv_env_CC_set=
ac_cv_env_CC_value=
ac_cv_env_CFLAGS_set=
ac_cv_env_CFLAGS_value=
ac_cv_env_CPPFLAGS_set=
ac_cv_env_CPPFLAGS_value=
ac_cv_env_CPP_set=
ac_cv_env_CPP_value=
ac_cv_env_LDFLAGS_set=
ac_cv_env_LDFLAGS_value=
ac_cv_env_LIBS_set=
ac_cv_env_LIBS_value=
ac_cv_env_LIBVALA_CFLAGS_set=
ac_cv_env_LIBVALA_CFLAGS_value=
ac_cv_env_LIBVALA_LIBS_set=
ac_cv_env_LIBVALA_LIBS_value=
ac_cv_env_OWNCLOUD_MOUNT_CFLAGS_set=
ac_cv_env_OWNCLOUD_MOUNT_CFLAGS_value=
ac_cv_env_OWNCLOUD_MOUNT_LIBS_set=
ac_cv_env_OWNCLOUD_MOUNT_LIBS_value=
ac_cv_env_PKG_CONFIG_LIBDIR_set=
ac_cv_env_PKG_CONFIG_LIBDIR_value=
ac_cv_env_PKG_CONFIG_PATH_set=
ac_cv_env_PKG_CONFIG_PATH_value=
ac_cv_env_PKG_CONFIG_set=
ac_cv_env_PKG_CONFIG_value=
ac_cv_env_build_alias_set=
ac_cv_env_build_alias_value=
ac_cv_env_host_alias_set=
ac_cv_env_host_alias_value=
ac_cv_env_target_alias_set=
ac_cv_env_target_alias_value=
ac_cv_header_dlfcn_h=yes
ac_cv_header_inttypes_h=yes
ac_cv_header_memory_h=yes
ac_cv_header_stdc=yes
ac_cv_header_stdint_h=yes
ac_cv_header_stdlib_h=yes
ac_cv_header_string_h=yes
ac_cv_header_strings_h=yes
ac_cv_header_sys_stat_h=yes
ac_cv_header_sys_types_h=yes
ac_cv_header_unistd_h=yes
ac_cv_host=i686-pc-linux-gnu
ac_cv_objext=o
ac_cv_path_EGREP='/bin/grep -E'
ac_cv_path_FGREP='/bin/grep -F'
ac_cv_path_GREP=/bin/grep
ac_cv_path_SED=/bin/sed
ac_cv_path_VALAC=/usr/bin/valac
ac_cv_path_ac_pt_PKG_CONFIG=/usr/bin/pkg-config
ac_cv_path_install='/usr/bin/install -c'
ac_cv_path_mkdir=/bin/mkdir
ac_cv_prog_AWK=mawk
ac_cv_prog_CPP='gcc -E'
ac_cv_prog_ac_ct_AR=ar
ac_cv_prog_ac_ct_CC=gcc
ac_cv_prog_ac_ct_MANIFEST_TOOL=mt
ac_cv_prog_ac_ct_OBJDUMP=objdump
ac_cv_prog_ac_ct_RANLIB=ranlib
ac_cv_prog_ac_ct_STRIP=strip
ac_cv_prog_cc_c89=
ac_cv_prog_cc_g=yes
ac_cv_prog_make_make_set=yes
am_cv_CC_dependencies_compiler_type=gcc3
am_cv_make_support_nested_variables=yes
lt_cv_ar_at_file=@
lt_cv_archive_cmds_need_lc=no
lt_cv_deplibs_check_method=pass_all
lt_cv_file_magic_cmd='$MAGIC_CMD'
lt_cv_file_magic_test_file=
lt_cv_ld_reload_flag=-r
lt_cv_nm_interface='BSD nm'
lt_cv_objdir=.libs
lt_cv_path_LD=/usr/bin/ld
lt_cv_path_NM='/usr/bin/nm -B'
lt_cv_path_mainfest_tool=no
lt_cv_prog_compiler_c_o=yes
lt_cv_prog_compiler_pic='-fPIC -DPIC'
lt_cv_prog_compiler_pic_works=yes
lt_cv_prog_compiler_rtti_exceptions=no
lt_cv_prog_compiler_static_works=yes
lt_cv_prog_gnu_ld=yes
lt_cv_sharedlib_from_linklib_cmd='printf %s\n'
lt_cv_shlibpath_overrides_runpath=no
lt_cv_sys_global_symbol_pipe='sed -n -e '\''s/^.*[	 ]\([ABCDGIRSTW][ABCDGIRSTW]*\)[	 ][	 ]*\([_A-Za-z][_A-Za-z0-9]*\)$/\1 \2 \2/p'\'' | sed '\''/ __gnu_lto/d'\'''
lt_cv_sys_global_symbol_to_c_name_address='sed -n -e '\''s/^: \([^ ]*\)[ ]*$/  {\"\1\", (void *) 0},/p'\'' -e '\''s/^[ABCDGIRSTW]* \([^ ]*\) \([^ ]*\)$/  {"\2", (void *) \&\2},/p'\'''
lt_cv_sys_global_symbol_to_c_name_address_lib_prefix='sed -n -e '\''s/^: \([^ ]*\)[ ]*$/  {\"\1\", (void *) 0},/p'\'' -e '\''s/^[ABCDGIRSTW]* \([^ ]*\) \(lib[^ ]*\)$/  {"\2", (void *) \&\2},/p'\'' -e '\''s/^[ABCDGIRSTW]* \([^ ]*\) \([^ ]*\)$/  {"lib\2", (void *) \&\2},/p'\'''
lt_cv_sys_global_symbol_to_cdecl='sed -n -e '\''s/^T .* \(.*\)$/extern int \1();/p'\'' -e '\''s/^[ABCDGIRSTW]* .* \(.*\)$/extern char \1;/p'\'''
lt_cv_sys_max_cmd_len=805306365
lt_cv_to_host_file_cmd=func_convert_file_noop
lt_cv_to_tool_file_cmd=func_convert_file_noop
pkg_cv_LIBVALA_CFLAGS='-I/usr/include/vala-0.18 -I/usr/include/glib-2.0 -I/usr/lib/i386-linux-gnu/glib-2.0/include  '
pkg_cv_LIBVALA_LIBS='-lvala-0.18 -lgobject-2.0 -lglib-2.0  '
pkg_cv_OWNCLOUD_MOUNT_CFLAGS='-pthread -I/usr/include/gdk-pixbuf-2.0 -I/usr/include/glib-2.0 -I/usr/lib/i386-linux-gnu/glib-2.0/include -I/usr/include/libpng12 -I/usr/include/gtk-3.0 -I/usr/include/atk-1.0 -I/usr/include/pango-1.0 -I/usr/include/gio-unix-2.0/ -I/usr/include/cairo -I/usr/include/freetype2 -I/usr/include/pixman-1  '
pkg_cv_OWNCLOUD_MOUNT_LIBS='-lnotify -lgtk-3 -lgdk-3 -latk-1.0 -lgio-2.0 -lpangocairo-1.0 -lgdk_pixbuf-2.0 -lcairo-gobject -lpango-1.0 -lcairo -lgobject-2.0 -lglib-2.0  '

## ----------------- ##
## Output variables. ##
## ----------------- ##

ACLOCAL='${SHELL} /home/ms/Programy/vala/owncloud_mount/missing --run aclocal-1.11'
AMDEPBACKSLASH='\'
AMDEP_FALSE='#'
AMDEP_TRUE=''
AMTAR='$${TAR-tar}'
AM_BACKSLASH='\'
AM_DEFAULT_V='$(AM_DEFAULT_VERBOSITY)'
AM_DEFAULT_VERBOSITY='0'
AM_V='$(V)'
AR='ar'
AUTOCONF='${SHELL} /home/ms/Programy/vala/owncloud_mount/missing --run autoconf'
AUTOHEADER='${SHELL} /home/ms/Programy/vala/owncloud_mount/missing --run autoheader'
AUTOMAKE='${SHELL} /home/ms/Programy/vala/owncloud_mount/missing --run automake-1.11'
AWK='mawk'
CC='gcc'
CCDEPMODE='depmode=gcc3'
CFLAGS='-g -O2'
CPP='gcc -E'
CPPFLAGS=''
CYGPATH_W='echo'
DEFS='-DHAVE_CONFIG_H'
DEPDIR='.deps'
DLLTOOL='false'
DSYMUTIL=''
DUMPBIN=''
ECHO_C=''
ECHO_N='-n'
ECHO_T=''
EGREP='/bin/grep -E'
EXEEXT=''
FGREP='/bin/grep -F'
GREP='/bin/grep'
INSTALL_DATA='${INSTALL} -m 644'
INSTALL_PROGRAM='${INSTALL}'
INSTALL_SCRIPT='${INSTALL}'
INSTALL_STRIP_PROGRAM='$(install_sh) -c -s'
LD='/usr/bin/ld'
LDFLAGS=''
LIBOBJS=''
LIBS=''
LIBTOOL='$(SHELL) $(top_builddir)/libtool'
LIBVALA_CFLAGS='-I/usr/include/vala-0.18 -I/usr/include/glib-2.0 -I/usr/lib/i386-linux-gnu/glib-2.0/include  '
LIBVALA_LIBS='-lvala-0.18 -lgobject-2.0 -lglib-2.0  '
LIPO=''
LN_S='ln -s'
LTLIBOBJS=''
MAKEINFO='${SHELL} /home/ms/Programy/vala/owncloud_mount/missing --run makeinfo'
MANIFEST_TOOL=':'
MKDIR_P='/bin/mkdir -p'
NM='/usr/bin/nm -B'
NMEDIT=''
OBJDUMP='objdump'
OBJEXT='o'
OTOOL64=''
OTOOL=''
OWNCLOUD_MOUNT_CFLAGS='-pthread -I/usr/include/gdk-pixbuf-2.0 -I/usr/include/glib-2.0 -I/usr/lib/i386-linux-gnu/glib-2.0/include -I/usr/include/libpng12 -I/usr/include/gtk-3.0 -I/usr/include/atk-1.0 -I/usr/include/pango-1.0 -I/usr/include/gio-unix-2.0/ -I/usr/include/cairo -I/usr/include/freetype2 -I/usr/include/pixman-1  '
OWNCLOUD_MOUNT_LIBS='-lnotify -lgtk-3 -lgdk-3 -latk-1.0 -lgio-2.0 -lpangocairo-1.0 -lgdk_pixbuf-2.0 -lcairo-gobject -lpango-1.0 -lcairo -lgobject-2.0 -lglib-2.0  '
PACKAGE='owncloud_mount'
PACKAGE_BUGREPORT=''
PACKAGE_NAME='owncloud_mount'
PACKAGE_STRING='owncloud_mount 0.1'
PACKAGE_TARNAME='owncloud_mount'
PACKAGE_URL=''
PACKAGE_VERSION='0.1'
PATH_SEPARATOR=':'
PKG_CONFIG='/usr/bin/pkg-config'
PKG_CONFIG_LIBDIR=''
PKG_CONFIG_PATH=''
RANLIB='ranlib'
SED='/bin/sed'
SET_MAKE=''
SHELL='/bin/bash'
STRIP='strip'
VALAC='/usr/bin/valac'
VERSION='0.1'
ac_ct_AR='ar'
ac_ct_CC='gcc'
ac_ct_DUMPBIN=''
am__EXEEXT_FALSE=''
am__EXEEXT_TRUE='#'
am__fastdepCC_FALSE='#'
am__fastdepCC_TRUE=''
am__include='include'
am__isrc=''
am__leading_dot='.'
am__nodep='_no'
am__quote=''
am__tar='$${TAR-tar} chof - "$$tardir"'
am__untar='$${TAR-tar} xf -'
bindir='${exec_prefix}/bin'
build='i686-pc-linux-gnu'
build_alias=''
build_cpu='i686'
build_os='linux-gnu'
build_vendor='pc'
datadir='${datarootdir}'
datarootdir='${prefix}/share'
docdir='${datarootdir}/doc/${PACKAGE_TARNAME}'
dvidir='${docdir}'
exec_prefix='${prefix}'
host='i686-pc-linux-gnu'
host_alias=''
host_cpu='i686'
host_os='linux-gnu'
host_vendor='pc'
htmldir='${docdir}'
includedir='${prefix}/include'
infodir='${datarootdir}/info'
install_sh='${SHELL} /home/ms/Programy/vala/owncloud_mount/install-sh'
libdir='${exec_prefix}/lib'
libexecdir='${exec_prefix}/libexec'
localedir='${datarootdir}/locale'
localstatedir='${prefix}/var'
mandir='${datarootdir}/man'
mkdir_p='/bin/mkdir -p'
oldincludedir='/usr/include'
pdfdir='${docdir}'
prefix='/usr/local'
program_transform_name='s,x,x,'
psdir='${docdir}'
sbindir='${exec_prefix}/sbin'
sharedstatedir='${prefix}/com'
sysconfdir='${prefix}/etc'
target_alias=''

## ----------- ##
## confdefs.h. ##
## ----------- ##

/* confdefs.h */
#define PACKAGE_NAME "owncloud_mount"
#define PACKAGE_TARNAME "owncloud_mount"
#define PACKAGE_VERSION "0.1"
#define PACKAGE_STRING "owncloud_mount 0.1"
#define PACKAGE_BUGREPORT ""
#define PACKAGE_URL ""
#define PACKAGE "owncloud_mount"
#define VERSION "0.1"
#define STDC_HEADERS 1
#define HAVE_SYS_TYPES_H 1
#define HAVE_SYS_STAT_H 1
#define HAVE_STDLIB_H 1
#define HAVE_STRING_H 1
#define HAVE_MEMORY_H 1
#define HAVE_STRINGS_H 1
#define HAVE_INTTYPES_H 1
#define HAVE_STDINT_H 1
#define HAVE_UNISTD_H 1
#define HAVE_DLFCN_H 1
#define LT_OBJDIR ".libs/"

configure: exit 0

## ---------------------- ##
## Running config.status. ##
## ---------------------- ##

This file was extended by owncloud_mount config.status 0.1, which was
generated by GNU Autoconf 2.68.  Invocation command line was

  CONFIG_FILES    = 
  CONFIG_HEADERS  = 
  CONFIG_LINKS    = 
  CONFIG_COMMANDS = 
  $ ./config.status 

on ms-laptop

config.status:1103: creating Makefile
config.status:1103: creating src/Makefile
config.status:1103: creating config.h
config.status:1284: config.h is unchanged
config.status:1332: executing depfiles commands
config.status:1332: executing libtool commands

## ---------------------- ##
## Running config.status. ##
## ---------------------- ##

This file was extended by owncloud_mount config.status 0.1, which was
generated by GNU Autoconf 2.68.  Invocation command line was

  CONFIG_FILES    = 
  CONFIG_HEADERS  = 
  CONFIG_LINKS    = 
  CONFIG_COMMANDS = 
  $ ./config.status config.h

on ms-laptop

config.status:1103: creating config.h
config.status:1284: config.h is unchanged

## ---------------------- ##
## Running config.status. ##
## ---------------------- ##

This file was extended by owncloud_mount config.status 0.1, which was
generated by GNU Autoconf 2.68.  Invocation command line was

  CONFIG_FILES    = 
  CONFIG_HEADERS  = 
  CONFIG_LINKS    = 
  CONFIG_COMMANDS = 
  $ ./config.status src/Makefile depfiles

on ms-laptop

config.status:1103: creating src/Makefile
config.status:1332: executing depfiles commands
